mode: atomic
github.com/zyrthi-io/zyrthi-cli/main.go:5.13,7.2 1 0
github.com/zyrthi-io/zyrthi-cli/cmd/build.go:20.47,23.17 3 0
github.com/zyrthi-io/zyrthi-cli/cmd/build.go:23.17,25.4 1 0
github.com/zyrthi-io/zyrthi-cli/cmd/build.go:26.3,26.41 1 0
github.com/zyrthi-io/zyrthi-cli/cmd/build.go:30.13,33.2 2 1
github.com/zyrthi-io/zyrthi-cli/cmd/build.go:35.46,41.32 5 0
github.com/zyrthi-io/zyrthi-cli/cmd/build.go:41.32,42.47 1 0
github.com/zyrthi-io/zyrthi-cli/cmd/build.go:42.47,44.4 1 0
github.com/zyrthi-io/zyrthi-cli/cmd/build.go:45.3,45.13 1 0
github.com/zyrthi-io/zyrthi-cli/cmd/build.go:49.26,50.30 1 3
github.com/zyrthi-io/zyrthi-cli/cmd/build.go:50.30,52.3 1 1
github.com/zyrthi-io/zyrthi-cli/cmd/build.go:54.2,56.47 3 2
github.com/zyrthi-io/zyrthi-cli/cmd/build.go:56.47,58.3 1 1
github.com/zyrthi-io/zyrthi-cli/cmd/build.go:60.2,61.6 2 1
github.com/zyrthi-io/zyrthi-cli/cmd/build.go:61.6,63.20 2 7
github.com/zyrthi-io/zyrthi-cli/cmd/build.go:63.20,64.9 1 1
github.com/zyrthi-io/zyrthi-cli/cmd/build.go:66.3,67.48 2 6
github.com/zyrthi-io/zyrthi-cli/cmd/build.go:67.48,69.4 1 0
github.com/zyrthi-io/zyrthi-cli/cmd/build.go:70.3,70.15 1 6
github.com/zyrthi-io/zyrthi-cli/cmd/build.go:73.2,73.16 1 1
github.com/zyrthi-io/zyrthi-cli/cmd/config.go:87.67,95.32 3 4
github.com/zyrthi-io/zyrthi-cli/cmd/config.go:95.32,96.39 1 11
github.com/zyrthi-io/zyrthi-cli/cmd/config.go:96.39,98.9 2 1
github.com/zyrthi-io/zyrthi-cli/cmd/config.go:102.2,102.24 1 4
github.com/zyrthi-io/zyrthi-cli/cmd/config.go:102.24,104.3 1 3
github.com/zyrthi-io/zyrthi-cli/cmd/config.go:106.2,107.16 2 1
github.com/zyrthi-io/zyrthi-cli/cmd/config.go:107.16,109.3 1 0
github.com/zyrthi-io/zyrthi-cli/cmd/config.go:111.2,112.51 2 1
github.com/zyrthi-io/zyrthi-cli/cmd/config.go:112.51,114.3 1 0
github.com/zyrthi-io/zyrthi-cli/cmd/config.go:116.2,116.18 1 1
github.com/zyrthi-io/zyrthi-cli/cmd/config.go:120.75,122.16 2 2
github.com/zyrthi-io/zyrthi-cli/cmd/config.go:122.16,124.3 1 2
github.com/zyrthi-io/zyrthi-cli/cmd/config.go:126.2,127.9 2 0
github.com/zyrthi-io/zyrthi-cli/cmd/config.go:127.9,129.3 1 0
github.com/zyrthi-io/zyrthi-cli/cmd/config.go:131.2,155.17 2 0
github.com/zyrthi-io/zyrthi-cli/cmd/config.go:159.64,161.16 2 1
github.com/zyrthi-io/zyrthi-cli/cmd/config.go:161.16,163.3 1 0
github.com/zyrthi-io/zyrthi-cli/cmd/config.go:165.2,170.66 2 1
github.com/zyrthi-io/zyrthi-cli/cmd/flash.go:23.47,27.22 3 0
github.com/zyrthi-io/zyrthi-cli/cmd/flash.go:27.22,29.4 1 0
github.com/zyrthi-io/zyrthi-cli/cmd/flash.go:30.3,30.20 1 0
github.com/zyrthi-io/zyrthi-cli/cmd/flash.go:30.20,32.4 1 0
github.com/zyrthi-io/zyrthi-cli/cmd/flash.go:33.3,33.26 1 0
github.com/zyrthi-io/zyrthi-cli/cmd/flash.go:33.26,35.4 1 0
github.com/zyrthi-io/zyrthi-cli/cmd/flash.go:36.3,36.17 1 0
github.com/zyrthi-io/zyrthi-cli/cmd/flash.go:36.17,38.4 1 0
github.com/zyrthi-io/zyrthi-cli/cmd/flash.go:39.3,39.18 1 0
github.com/zyrthi-io/zyrthi-cli/cmd/flash.go:39.18,41.4 1 0
github.com/zyrthi-io/zyrthi-cli/cmd/flash.go:43.3,43.41 1 0
github.com/zyrthi-io/zyrthi-cli/cmd/flash.go:47.13,55.2 6 1
github.com/zyrthi-io/zyrthi-cli/cmd/init.go:23.47,24.43 1 0
github.com/zyrthi-io/zyrthi-cli/cmd/init.go:24.43,28.4 3 0
github.com/zyrthi-io/zyrthi-cli/cmd/init.go:30.3,30.64 1 0
github.com/zyrthi-io/zyrthi-cli/cmd/init.go:30.64,33.4 2 0
github.com/zyrthi-io/zyrthi-cli/cmd/init.go:35.3,35.40 1 0
github.com/zyrthi-io/zyrthi-cli/cmd/init.go:39.13,46.2 5 1
github.com/zyrthi-io/zyrthi-cli/cmd/init.go:48.50,50.16 2 0
github.com/zyrthi-io/zyrthi-cli/cmd/init.go:50.16,52.3 1 0
github.com/zyrthi-io/zyrthi-cli/cmd/init.go:53.2,53.41 1 0
github.com/zyrthi-io/zyrthi-cli/cmd/monitor.go:23.47,27.24 3 0
github.com/zyrthi-io/zyrthi-cli/cmd/monitor.go:27.24,29.4 1 0
github.com/zyrthi-io/zyrthi-cli/cmd/monitor.go:30.3,30.22 1 0
github.com/zyrthi-io/zyrthi-cli/cmd/monitor.go:30.22,32.4 1 0
github.com/zyrthi-io/zyrthi-cli/cmd/monitor.go:33.3,33.23 1 0
github.com/zyrthi-io/zyrthi-cli/cmd/monitor.go:33.23,35.4 1 0
github.com/zyrthi-io/zyrthi-cli/cmd/monitor.go:36.3,36.17 1 0
github.com/zyrthi-io/zyrthi-cli/cmd/monitor.go:36.17,38.4 1 0
github.com/zyrthi-io/zyrthi-cli/cmd/monitor.go:39.3,39.23 1 0
github.com/zyrthi-io/zyrthi-cli/cmd/monitor.go:39.23,41.4 1 0
github.com/zyrthi-io/zyrthi-cli/cmd/monitor.go:42.3,42.26 1 0
github.com/zyrthi-io/zyrthi-cli/cmd/monitor.go:42.26,44.4 1 0
github.com/zyrthi-io/zyrthi-cli/cmd/monitor.go:46.3,46.41 1 0
github.com/zyrthi-io/zyrthi-cli/cmd/monitor.go:50.13,59.2 7 1
github.com/zyrthi-io/zyrthi-cli/cmd/platform.go:13.13,15.2 1 1
github.com/zyrthi-io/zyrthi-cli/cmd/platform.go:26.47,28.3 1 0
github.com/zyrthi-io/zyrthi-cli/cmd/platform.go:38.47,40.3 1 0
github.com/zyrthi-io/zyrthi-cli/cmd/platform.go:47.47,49.3 1 0
github.com/zyrthi-io/zyrthi-cli/cmd/platform.go:52.13,57.2 4 1
github.com/zyrthi-io/zyrthi-cli/cmd/platform.go:59.22,63.16 3 0
github.com/zyrthi-io/zyrthi-cli/cmd/platform.go:63.16,67.3 3 0
github.com/zyrthi-io/zyrthi-cli/cmd/platform.go:69.2,70.32 2 0
github.com/zyrthi-io/zyrthi-cli/cmd/platform.go:70.32,71.21 1 0
github.com/zyrthi-io/zyrthi-cli/cmd/platform.go:71.21,72.12 1 0
github.com/zyrthi-io/zyrthi-cli/cmd/platform.go:74.3,78.48 4 0
github.com/zyrthi-io/zyrthi-cli/cmd/platform.go:78.48,80.4 1 0
github.com/zyrthi-io/zyrthi-cli/cmd/platform.go:82.3,83.10 2 0
github.com/zyrthi-io/zyrthi-cli/cmd/platform.go:86.2,86.16 1 0
github.com/zyrthi-io/zyrthi-cli/cmd/platform.go:86.16,88.3 1 0
github.com/zyrthi-io/zyrthi-cli/cmd/platform.go:90.2,90.49 1 0
github.com/zyrthi-io/zyrthi-cli/cmd/platform.go:93.35,98.53 3 0
github.com/zyrthi-io/zyrthi-cli/cmd/platform.go:98.53,101.3 2 0
github.com/zyrthi-io/zyrthi-cli/cmd/platform.go:104.2,104.47 1 0
github.com/zyrthi-io/zyrthi-cli/cmd/platform.go:104.47,107.3 2 0
github.com/zyrthi-io/zyrthi-cli/cmd/platform.go:110.2,125.78 2 0
github.com/zyrthi-io/zyrthi-cli/cmd/platform.go:125.78,128.3 2 0
github.com/zyrthi-io/zyrthi-cli/cmd/platform.go:130.2,132.69 3 0
github.com/zyrthi-io/zyrthi-cli/cmd/platform.go:135.34,138.47 2 0
github.com/zyrthi-io/zyrthi-cli/cmd/platform.go:138.47,141.3 2 0
github.com/zyrthi-io/zyrthi-cli/cmd/platform.go:144.2,144.52 1 0
github.com/zyrthi-io/zyrthi-cli/cmd/root.go:24.16,25.42 1 0
github.com/zyrthi-io/zyrthi-cli/cmd/root.go:25.42,27.3 1 0
github.com/zyrthi-io/zyrthi-cli/cmd/root.go:30.13,32.2 1 1
github.com/zyrthi-io/zyrthi-cli/cmd/version.go:10.13,14.48 1 1
github.com/zyrthi-io/zyrthi-cli/cmd/version.go:14.48,16.4 1 1
